\BOOKMARK [0][-]{chapter.1}{Implementation}{}% 1
\BOOKMARK [1][-]{section.1.1}{Web Crawlers}{chapter.1}% 2
\BOOKMARK [2][-]{subsection.1.1.1}{Concordia Crawler}{section.1.1}% 3
\BOOKMARK [2][-]{subsection.1.1.2}{AITopics Crawler}{section.1.1}% 4
\BOOKMARK [1][-]{section.1.2}{Search Engine}{chapter.1}% 5
\BOOKMARK [2][-]{subsection.1.2.1}{Tf-idf Ranking}{section.1.2}% 6
\BOOKMARK [2][-]{subsection.1.2.2}{BM25 Ranking}{section.1.2}% 7
\BOOKMARK [0][-]{chapter.2}{Queries Analysis}{}% 8
\BOOKMARK [1][-]{section.2.1}{Which departments have AI research?}{chapter.2}% 9
\BOOKMARK [2][-]{subsection.2.1.1}{department deep learning research}{section.2.1}% 10
\BOOKMARK [2][-]{subsection.2.1.2}{department carrying out machine learning research}{section.2.1}% 11
\BOOKMARK [2][-]{subsection.2.1.3}{department carrying out ai research}{section.2.1}% 12
\BOOKMARK [1][-]{section.2.2}{Which researchers are working on AI research?}{chapter.2}% 13
\BOOKMARK [2][-]{subsection.2.2.1}{ai researchers}{section.2.2}% 14
\BOOKMARK [2][-]{subsection.2.2.2}{concordia chair machine learning}{section.2.2}% 15
\BOOKMARK [2][-]{subsection.2.2.3}{thesis machine learning}{section.2.2}% 16
\BOOKMARK [1][-]{section.2.3}{What AI research is being conducted at Concordia?}{chapter.2}% 17
\BOOKMARK [2][-]{subsection.2.3.1}{nlp research at concordia}{section.2.3}% 18
\BOOKMARK [2][-]{subsection.2.3.2}{neural network at concordia}{section.2.3}% 19
\BOOKMARK [2][-]{subsection.2.3.3}{pattern recognition research at concordia}{section.2.3}% 20
\BOOKMARK [0][-]{chapter.3}{Difficulties}{}% 21
\BOOKMARK [0][-]{section*.2}{References}{}% 22
